make all --print-data-base --no-builtin-variables --no-builtin-rules --question
# GNU Make 3.81
# Copyright (C) 2006  Free Software Foundation, Inc.
# This is free software; see the source for copying conditions.
# There is NO warranty; not even for MERCHANTABILITY or FITNESS FOR A
# PARTICULAR PURPOSE.

# This program built for i386-apple-darwin11.3.0
 
make: *** No rule to make target `all'.  Stop.


# Make data base, printed on Fri Oct 14 16:01:25 2022

# Variables

# automatic
 
<D = $(patsubst %/,%,$(dir $<))
# automatic
?F = $(notdir $?)
# environment
ELECTRON_NO_ATTACH_CONSOLE = 1
# makefile (from `Makefile', line 8)
LD_FLAGS := -s -w -X github.com/cosmos/cosmos-sdk/version.Name=Autonomy -X github.com/cosmos/cosmos-sdk/version.AppName=autonomy -X github.com/cosmos/cosmos-sdk/version.Version=1.2.1-1-gb8a2a37 -X github.com/cosmos/cosmos-sdk/version.Commit=b8a2a373e0e6e60ebfab571f9075cc59bb2c5711 -X github.com/cosmos/cosmos-sdk/version.BuildTags=netgo,ledger -X github.com/tendermint/tendermint/version.TMCoreSemVer=v0.34.19
# environment
LC_CTYPE = UTF-8
# automatic
?D = $(patsubst %/,%,$(dir $?))
# automatic
@D = $(patsubst %/,%,$(dir $@))
# automatic
@F = $(notdir $@)
# makefile
CURDIR := /Users/sai/go/src/github.com/AutonomyNetwork/autonomy-chain
# makefile
SHELL = /bin/sh
# environment
VSCODE_NLS_CONFIG = {"locale":"en-gb","availableLanguages":{},"_languagePackSupport":true}
# environment
_ = /usr/bin/make
# makefile (from `Makefile', line 1)
MAKEFILE_LIST :=  Makefile
# makefile (from `Makefile', line 7)
BUILD_TAGS := netgo,ledger
# environment
VSCODE_AMD_ENTRYPOINT = vs/workbench/api/node/extensionHostProcess
# makefile (from `Makefile', line 2)
VERSION := 1.2.1-1-gb8a2a37
# environment
__CFBundleIdentifier = com.microsoft.VSCode
# environment
INFOPATH = /opt/homebrew/share/info:
# environment
VSCODE_CWD = /Users/sai/go/src/github.com/AutonomyNetwork/autonomy-chain
# environment
GOPROXY = https://proxy.golang.org,direct
# environment
PATH = /opt/homebrew/opt/sqlite/bin:/Library/Frameworks/Python.framework/Versions/2.7/bin:/opt/homebrew/bin:/opt/homebrew/sbin:/Library/Frameworks/Python.framework/Versions/3.10/bin:/usr/local/bin:/usr/bin:/bin:/usr/sbin:/sbin:/usr/local/go/bin:/Users/sai/.cargo/bin:/Users/sai/go:/Users/sai/go/bin:/Users/sai/.cargo/bin
# environment
GOPATH = /Users/sai/go
# environment
ELECTRON_RUN_AS_NODE = 1
# makefile (from `Makefile', line 3)
COMMIT := b8a2a373e0e6e60ebfab571f9075cc59bb2c5711
# default
.FEATURES := target-specific order-only second-expansion else-if archives jobserver check-symlink
# environment
SSH_AUTH_SOCK = /private/tmp/com.apple.launchd.q7fR0SfRqj/Listeners
# automatic
%F = $(notdir $%)
# makefile (from `Makefile', line 6)
GOBIN = $(shell go env GOPATH)/bin
# environment
PWD = /Users/sai/go/src/github.com/AutonomyNetwork/autonomy-chain
# environment
HOMEBREW_CELLAR = /opt/homebrew/Cellar
# makefile (from `Makefile', line 4)
TENDERMINT_VERSION := v0.34.19
# environment
ORIGINAL_XDG_CURRENT_DESKTOP = undefined
# environment
MANPATH = /opt/homebrew/share/man::
# environment
GOMODCACHE = /Users/sai/go/pkg/mod
# environment
HOME = /Users/sai
# default
MAKEFILEPATH = $(shell /usr/bin/xcode-select -print-path 2>/dev/null || echo /Developer)/Makefiles
# environment
VSCODE_CLI = 1
# environment
VSCODE_CODE_CACHE_PATH = /Users/sai/Library/Application Support/Code/CachedData/64bbfbf67ada9953918d72e1df2f4d8e537d340e
# environment
LOGNAME = sai
# environment
APPLICATION_INSIGHTS_NO_DIAGNOSTIC_CHANNEL = 1
# environment
VSCODE_HANDLES_UNCAUGHT_ERRORS = true
# automatic
^D = $(patsubst %/,%,$(dir $^))
# environment
XPC_FLAGS = 0x0
# default
MAKE = $(MAKE_COMMAND)
# default
MAKECMDGOALS := all
# environment
SHLVL = 3
# default
MAKE_VERSION := 3.81
# environment
USER = sai
# makefile
.DEFAULT_GOAL := clean
# environment
TERM_SESSION_ID = 8A5A7D0E-F263-410E-99D2-609D0B472F34
# automatic
%D = $(patsubst %/,%,$(dir $%))
# default
MAKE_COMMAND := /Library/Developer/CommandLineTools/usr/bin/make
# environment
TERM_PROGRAM = Apple_Terminal
# default
.VARIABLES := 
# environment
TMPDIR = /var/folders/q8/_yfnw4ms61v11rm0dr705rtm0000gn/T/
# automatic
*F = $(notdir $*)
# environment
VSCODE_IPC_HOOK = /Users/sai/Library/Application Support/Code/1.72.0-main.sock
# environment
MallocNanoZone = 0
# makefile
MAKEFLAGS = Rrqp
# environment
MFLAGS = -Rrqp
# automatic
*D = $(patsubst %/,%,$(dir $*))
# environment
TERM_PROGRAM_VERSION = 445
# environment
XPC_SERVICE_NAME = application.com.microsoft.VSCode.9909124.9909130.96D09238-2FF7-4E3E-B924-1EE6F084F907
# environment
HOMEBREW_PREFIX = /opt/homebrew
# automatic
+D = $(patsubst %/,%,$(dir $+))
# automatic
+F = $(notdir $+)
# environment
CARGO_PATH = /Users/sai/.cargo/bin
# makefile (from `Makefile', line 1)
PACKAGES := github.com/AutonomyNetwork/autonomy-chain/app github.com/AutonomyNetwork/autonomy-chain/app/params github.com/AutonomyNetwork/autonomy-chain/cmd/autonomy github.com/AutonomyNetwork/autonomy-chain/cmd/autonomy/cmd github.com/AutonomyNetwork/autonomy-chain/docs github.com/AutonomyNetwork/autonomy-chain/x/issuance github.com/AutonomyNetwork/autonomy-chain/x/issuance/client/cli github.com/AutonomyNetwork/autonomy-chain/x/issuance/keeper github.com/AutonomyNetwork/autonomy-chain/x/issuance/types
# environment
HOMEBREW_REPOSITORY = /opt/homebrew
# makefile (from `Makefile', line 5)
MODVENDOR = modvendor
# environment
__CF_USER_TEXT_ENCODING = 0x1F5:0x0:0x0
# environment
COMMAND_MODE = unix2003
# default
MAKEFILES := 
# automatic
<F = $(notdir $<)
# environment
LC_ALL = C
# automatic
^F = $(notdir $^)
# default
SUFFIXES := 
# default
.INCLUDE_DIRS = /usr/local/include
# environment
MAKELEVEL := 0
# environment
GPG_TTY = /dev/ttys001
# environment
LANG = C
# environment
TERM = xterm-256color
# environment
VSCODE_PID = 1448
# variable set hash-table stats:
# Load=83/1024=8%, Rehash=0, Collisions=7/122=6%

# Pattern-specific Variable Values

# No pattern-specific variable values.

# Directories

# . (device 16777233, inode 727800): 25 files, no impossibilities.

# 25 files, no impossibilities in 1 directories.

# Implicit Rules

# No implicit rules.

# Files

proto-lint:
#  Phony target (prerequisite of .PHONY).
#  Implicit rule search has not been done.
#  File does not exist.
#  File has not been updated.
#  commands to execute (from `Makefile', line 38):
	@find proto -name *.proto -exec clang-format-12 -i {} \;
	

# Not a target:
all:
#  Command-line target.
#  Implicit rule search has been done.
 
#  File does not exist.
#  File has not been updated.
# variable set hash-table stats:
# Load=0/32=0%, Rehash=0, Collisions=0/0=0%

proto-gen:
#  Phony target (prerequisite of .PHONY).
#  Implicit rule search has not been done.
#  File does not exist.
#  File has not been updated.
#  commands to execute (from `Makefile', line 35):
	@scripts/protocgen.sh
	

.PHONY: tools test proto-lint proto-gen mod-vendor go-lint install
#  Implicit rule search has not been done.
#  Modification time never checked.
#  File has not been updated.

# Not a target:
.SUFFIXES:
#  Implicit rule search has not been done.
#  Modification time never checked.
#  File has not been updated.

# Not a target:
Makefile:
#  Implicit rule search has been done.
#  Last modified 2022-08-16 10:58:34
#  File has been updated.
#  Successfully updated.
# variable set hash-table stats:
# Load=0/32=0%, Rehash=0, Collisions=0/0=0%

test:
#  Phony target (prerequisite of .PHONY).
#  Implicit rule search has not been done.
#  File does not exist.
#  File has not been updated.
#  commands to execute (from `Makefile', line 32):
	@go test -mod=readonly -v -cover ${PACKAGES}
	

build:
#  Implicit rule search has not been done.
#  Modification time never checked.
#  File has not been updated.
#  commands to execute (from `Makefile', line 23):
	go build $(BUILD_FLAGS) -o ${GOBIN} ./cmd/autonomy
	

mod-vendor:
#  Phony target (prerequisite of .PHONY).
#  Implicit rule search has not been done.
#  File does not exist.
#  File has not been updated.
#  commands to execute (from `Makefile', line 29):
	@go mod vendor
	

# Not a target:
.DEFAULT:
#  Implicit rule search has not been done.
#  Modification time never checked.
#  File has not been updated.

clean:
#  Implicit rule search has not been done.
#  Modification time never checked.
#  File has not been updated.
#  commands to execute (from `Makefile', line 17):
	rm -rf ./bin ./vendor
	

go-lint:
#  Phony target (prerequisite of .PHONY).
#  Implicit rule search has not been done.
#  File does not exist.
#  File has not been updated.
#  commands to execute (from `Makefile', line 26):
	@golangci-lint run --fix
	

modvendor:
#  Implicit rule search has not been done.
#  Modification time never checked.
#  File has not been updated.
#  commands to execute (from `Makefile', line 41):
	@echo "vendoring non-go files..."
	$(MODVENDOR) -copy="**/*.proto" -include=\
	github.com/cosmos/cosmos-sdk/proto,\
	github.com/cosmos/cosmos-sdk/third_party/proto
	

tools:
#  Phony target (prerequisite of .PHONY).
#  Implicit rule search has not been done.
#  File does not exist.
#  File has not been updated.
#  commands to execute (from `Makefile', line 47):
	@go install github.com/bufbuild/buf/cmd/buf@v0.37.0
	curl -sSfL https://raw.githubusercontent.com/golangci/golangci-lint/master/install.sh | sh -s -- -b $(go env GOPATH)/bin 
	@go install github.com/goware/modvendor@v0.3.0
	@go install github.com/grpc-ecosystem/grpc-gateway/protoc-gen-grpc-gateway@v1.16.0
	

install: mod-vendor
#  Phony target (prerequisite of .PHONY).
#  Implicit rule search has not been done.
#  File does not exist.
#  File has not been updated.
#  commands to execute (from `Makefile', line 20):
	go install -mod=readonly -tags="${BUILD_TAGS}" -ldflags="${LD_FLAGS}" ./cmd/autonomy
	

# files hash-table stats:
# Load=15/1024=1%, Rehash=0, Collisions=1/35=3%
# VPATH Search Paths

# No `vpath' search paths.

# No general (`VPATH' variable) search path.

# # of strings in strcache: 1
# # of strcache buffers: 1
# strcache size: total = 4096 / max = 4096 / min = 4096 / avg = 4096
# strcache free: total = 4087 / max = 4087 / min = 4087 / avg = 4087

# Finished Make data base on Fri Oct 14 16:01:25 2022

 
